<?xml version="1.0" encoding="UTF-8"?>
<testsuites name="Mocha Tests" time="7.634" tests="1" failures="0">
  <testsuite name="Root Suite" timestamp="2023-04-11T11:34:27" tests="0" file="cypress\e2e\features\navigation\navigation.feature" time="0.000" failures="0">
  </testsuite>
  <testsuite name="NavigationBar" timestamp="2023-04-11T11:34:28" tests="1" time="7.184" failures="0">
    <testcase name="NavigationBar Navigate to the Feaure Navigation Bar" time="4.332" classname="Navigate to the Feaure Navigation Bar">
    </testcase>
  </testsuite>
</testsuites>