<?xml version="1.0" encoding="UTF-8"?>
<testsuites name="Mocha Tests" time="7.035" tests="2" failures="0">
  <testsuite name="Root Suite" timestamp="2023-04-10T10:51:13" tests="0" file="cypress\e2e\features\loginOutline\loginOutline.feature" time="0.000" failures="0">
  </testsuite>
  <testsuite name="Login Outline" timestamp="2023-04-10T10:51:13" tests="2" time="6.963" failures="0">
    <testcase name="Login Outline Login with valid credentials (example #1)" time="2.594" classname="Login with valid credentials (example #1)">
    </testcase>
    <testcase name="Login Outline Login with valid credentials (example #2)" time="1.534" classname="Login with valid credentials (example #2)">
    </testcase>
  </testsuite>
</testsuites>