<?xml version="1.0" encoding="UTF-8"?>
<testsuites name="Mocha Tests" time="8.628" tests="1" failures="0">
  <testsuite name="Root Suite" timestamp="2023-04-09T22:55:20" tests="0" file="cypress\e2e\features\navigation\navigation.feature" time="0.000" failures="0">
  </testsuite>
  <testsuite name="NavigationBar" timestamp="2023-04-09T22:55:21" tests="1" time="8.208" failures="0">
    <testcase name="NavigationBar Navigate to the Feaure Navigation Bar" time="4.856" classname="Navigate to the Feaure Navigation Bar">
    </testcase>
  </testsuite>
</testsuites>