<?xml version="1.0" encoding="UTF-8"?>
<testsuites name="Mocha Tests" time="6.272" tests="1" failures="0">
  <testsuite name="Root Suite" timestamp="2023-04-10T10:51:26" tests="0" file="cypress\support\step_definitions\Login\login.feature" time="0.000" failures="0">
  </testsuite>
  <testsuite name="Login" timestamp="2023-04-10T10:51:26" tests="1" time="5.878" failures="0">
    <testcase name="Login Login with valid credentials" time="3.833" classname="Login with valid credentials">
    </testcase>
  </testsuite>
</testsuites>