<?xml version="1.0" encoding="UTF-8"?>
<testsuites name="Mocha Tests" time="6.139" tests="1" failures="0">
  <testsuite name="Root Suite" timestamp="2023-04-11T11:34:44" tests="0" file="cypress\support\step_definitions\Login\login.feature" time="0.000" failures="0">
  </testsuite>
  <testsuite name="Login" timestamp="2023-04-11T11:34:45" tests="1" time="5.693" failures="0">
    <testcase name="Login Login with valid credentials" time="2.981" classname="Login with valid credentials">
    </testcase>
  </testsuite>
</testsuites>